1JoJ1
5

Palindrome not existed!

XbX
3

mCm
3

ChC
3

Palindrome not existed!

Palindrome not existed!

GTG
3

Palindrome not existed!

4U4
3

U7U
3

WjgjW
5

Q1Q
3

TcT
3

JJ
2

kMk
3

Palindrome not existed!

iYi
3

3g3
3

ZZ
2

9G9
3

tJt
3

Palindrome not existed!

ll
2

KIK
3

00000100000
11

101101101101
12

100101001
9

100000001
9

Palindrome not existed!

0000110110000
13

0110
4

110011110011
12

110100101000101001011
21

01000000000010
14

110011
6

1111001111001111
16

011110111011110
15

10000100001
11

10000011100111000001
20

100111001
9

10111101
8

11110001111
11

001110101011100
15

011001010100110
15

01110
5

0111111110101010111111110
25

10100101
8

00111111111100
14

1110111
7

000000000000000000000000000000000000000000000
45

000000000000000000000000000000000000000
39

000000000000000000000000000000
30

000000000000000000000000000000000000000000000000
48

00000000000000000000000000000000000000000000000000000000000000000000000
71

0000000000
10

0000000
7

000000000000000
15

00000000000000000000000000000000000000000000000000000000000000000000000000000000000000000000000
95

00000000000000000000
20

000000000000000000000000000000000000000000000000000000000000000
63

000000000000000000000000000000000000000000000000000000000000
60

0000000000000000000000000000000000000000
40

000000000000000000000000000000000000000000000000000000000000000000
66

0000000000000000000000000000000000000000
40

000000000000000000000000000000000000000000000000000000000000000000000000000000000000000000000000000
99

00000000000000000
17

00000000
8

00000000
8

000000000000000000000000000000000000000000000000000000000000
60

0000000
7

0000000000000000000000000000000
31

00000000000000
14

0000000000000000000000000000000000000000000000000000000000000000000000000
73

0000000000000000000000000000000000000000000000000000000
55

