g3g
3

Palindrome not existed!

MeM
3

Palindrome not existed!

Palindrome not existed!

TT
2

nn
2

545
3

wxw
3

GG
2

uRu
3

QpkpQ
5

R3R
3

TuT
3

Palindrome not existed!

Palindrome not existed!

9h9
3

X6X
3

Palindrome not existed!

7R7
3

Palindrome not existed!

Palindrome not existed!

YY
2

hUh
3

lnl
3

010010010
9

110000000011
12

00101010101010100
17

1101111011
10

1100010100011
13

111010010111
12

0100000010
10

00
2

101100001101
12

10001
5

0101000000001010
16

1001111111001
13

010
3

01110
5

00111011100
11

000
3

1110011001001100111
19

011000110
9

0000
4

1001001
7

11000011
8

000000101000000
15

0011001001100
13

001010101010100
15

1101010101011
13

00000000000000000000000000000000000000000000000000000000000000000000000
71

000000000000000000000000000000000000000000000000000000000000000000000000000
75

000
3

00000000000000000000000000000000000000000000000000000000000000000000
68

000000000000000000000000000000000000000000000000000000000000000000000000000000000
81

00000000000000000000000000000000000000000000000000000000000
59

00000000000000000000000
23

0000000000000000000000000000000000000
37

000000000000
12

00000000000000000000000000000000000000
38

000000000000000000000000000000000000000000000000000000000000000000000000000000000000000
87

0000000000
10

000000000000000000000000000000000000000000000000000000000000000000000000000
75

000
3

000000000000000000
18

0000000000000000000000000000000000000000000000000000
52

000000000000000000000
21

0000000000000000000000000000000000000000000000000000000000000000000000
70

00000000000000000000000000000000000000000000000000000
53

0000000000000000000000
22

00000000000000000000000000000000000000000000
44

0000
4

000000000000000000000000000000000000000000000000000000000000000000000
69

00000000000000000000000000000000000000000000000000000000000000000000000000000000000000000000000000
98

0000000000000000000000000000000000000000000000000000000
55

