xDx
3

TPT
3

Palindrome not existed!

BB
2

Palindrome not existed!

aHa
3

TTT
3

KnK
3

Palindrome not existed!

l7l
3

Palindrome not existed!

Palindrome not existed!

PP
2

vv
2

Palindrome not existed!

ztz
3

6o6
3

WsW
3

XAX
3

0110011110111100110
19

110000000011
12

0111110
7

01101101010110110
17

0011100
7

011001010100110
15

0001001000
10

1001010110101001
16

01100110
8

11100000111
11

10110110001101101
17

000110100111001011000
21

110111111011
12

1101001001011
13

001110011100
12

1010110010100110101
19

010
3

01000100111100100010
20

01000010
8

0000000000000000000
19

000000000000000000000000000000
30

00000000000000000000000000000000000000000000000000000000000000000000000000000000000000000
89

00000000000000000000000000000000000000000000000000000000000000000000000000
74

000000000000000000000000000
27

00000000000000000000000000000000000000000000000000000
53

0000000000
10

0000000
7

Palindrome not existed!

Palindrome not existed!

000000000000000000000000000000000000000000000000000000000000000000000000000000000000000000000
93

0000000000000000000000000000000000
34

00000000000000000000000000000000000000000000000000000000000000000000000000
74

00000000000000000000000000000000000000000000000000000000000000000000000000000000000000000
89

000000000000000000000000000000000000000000000000000000000000000000
66

00000000000000000000000000000000000000000000000000000000000000000000000000000
77

00000000000000000000000000000000000000000000000000
50

000000000000000000000000000000000000000000000000000000000000000000000000000000000000
84

000000000000000
15

