gg
2

Palindrome not existed!

q7S7q
5

g8g
3

Palindrome not existed!

ll
2

oVo
3

Palindrome not existed!

Palindrome not existed!

Palindrome not existed!

oTo
3

Palindrome not existed!

Palindrome not existed!

zccz
4

UUU
3

55
2

Palindrome not existed!

1110110110111
13

0001100011000
13

00100100100100100
17

011101110
9

0111111110
10

0011010110101100
16

1001001001
10

100100000001001
15

1111001001111
13

10101011111111010101
20

1000000001000000001
19

1110000000000000111
19

01100110
8

110010000010011
15

0100110110010
13

111010101010111
15

010011000110010
15

000000000000000000000000000000000000000000000000000000000
57

0000000
7

00000000000000000000000000000000000000000000000000
50

000000000000000000000000000000000000000000000
45

00000000000000
14

00000000000000000000000000000000000000000000000000000000000000000000000000000000000
83

000000000000000000000000000000000000000000000000000000000000000000000000000000
78

00000000000000000000000000000000000000000000000000000
53

000000000000000000000
21

0000000000000000000000000000000000000000000000000000000000000000000000000
73

0000000000000000000000000000000000
34

000000000000000000000000000000000000000000000000000000000000000000000000000000000000000000
90

0000000000000000000000000000000000000000000000
46

0000000000
10

0000000000000000000
19

000000000000000000000000000000000000000000000000
48

0000000000000000000000000000000000000000000000000000000000000000000000000000000
79

