pp
2

b0b
3

RR
2

PfP
3

YY
2

GDG
3

Palindrome not existed!

mwm
3

gg
2

5P5
3

Palindrome not existed!

Palindrome not existed!

Palindrome not existed!

Palindrome not existed!

727
3

Palindrome not existed!

DD
2

4z4
3

Palindrome not existed!

10011011001
11

1110111
7

10000001
8

01111110
8

00000101101110110100000
23

0101011100110011101010
22

10101111110101
14

1110111110111
13

1100001000011
13

10110101101
11

0101010
7

01100100110
11

00110011001100
14

1001111001
10

0011100011100
13

00110001100
11

0000111110000
13

00111111100
11

110011
6

0000000000000000000000000000000000000000000000000000000000000000000000000000000000
82

000000000000000000000000000000000000000000000000000000000000000000000000000000000000
84

000000000000000000000000000000000000000000000
45

0000000000000000000000000
25

0000000000000000000000
22

00000000000000000000000000000000000000000000000000000000
56

00000000000000000
17

000000000000000000000000000000
30

000000000000000000000000000000000000000000000000000000000000000000000000000000000000000000000000
96

000000000000000000000000000000000000000000000000000000000000000000000000000000000000000000
90

0000000000000000000000000000000000000000000000
46

000000000000000000000000000000000000000000000000000000000000000
63

0000000000000000000000000000000000000000000000000000000
55

000000000000000
15

0000000000
10

000000000000000000000000000000000000000
39

000000000000000000000000000000000000000000000000000000000000
60

00000000000000000000000000000
29

00000000000000000000000000000000000000000000000000000000000000000000000000000000000000000000000
95

