IyI
3

lvl
3

zz
2

VXV
3

x3x
3

Palindrome not existed!

NsN
3

oo
2

898
3

99
2

Palindrome not existed!

iYi
3

Palindrome not existed!

jtj
3

mBm
3

UHU
3

Palindrome not existed!

Palindrome not existed!

WbW
3

cbc
3

3ZDZ3
5

Palindrome not existed!

uSu
3

PP
2

Palindrome not existed!

wJw
3

djd
3

uwu
3

sxs
3

QrQ
3

1011001101
10

0001111000
10

00000011011000000
17

11011011011
11

110011
6

010000010
9

01100000110
11

11101110111
11

110100100000001001011
21

0010011100100
13

01111110
8

000110110011011000
18

100010010001
12

101111111111101
15

0111110110111110
16

001101001100101100
18

110010011
9

100001
6

0110111110110
13

1101100101010011011
19

01011011011010
14

1100010100011
13

1111101001011111
16

111011101110111
15

111001100111
12

11010001011
11

101111101
9

111001101100111
15

01110
5

110001000100011
15

0000000000000000000000
22

00000000000
11

00000000000000000000000000000000000000000000000000000000000000000000000000000000000000000000000
95

0000000000000000000000000000000000000000000000000000000000000
61

00000000000000000000000000000000000000000000000000000000000000000000000
71

00000000000000000
17

0000000000000000000000000000000000000000
40

00000000000000000000
20

0000000000000000000000000000
28

00000000000000000000000000000000000000000000000000000000000000000000000000000000000000000
89

00000000
8

000000
6

000000000000000000000000000000000000000000000000000000000000000000000000000000000
81

00000000000000000000000000000000000000000000000000000000000000000000000000
74

0000000000000000000000000000000000000000000000000000000000000000000000
70

00000000000000000000000000000000
32

00000
5

000000000000000000000000000000000000000000000000000000000000000000000000000000000
81

000000000000000000000000000000000000000000000000
48

000000000000000000000000000000000000000000000
45

0000000000000000000000000000000000
34

000000000000000000000000000000000000000000000000000000000000000000000000000000000
81

0000000000000000000000000000000000000000000000000000000000
58

00000000000000000000000000000000000000000000000000000000000000000
65

000000000000000000000000000000000000000000000000000000
54

00000000000
11

000000000000000000000000000000000000000000000000000000000000000000000000000000
78

00000000000000000000000000000000000000000
41

00000000000000000000000000000000000000000000000000000000
56

0000000000000000000000000000000000000000000000000000000
55

