PP
2

PaP
3

IAI
3

Palindrome not existed!

scs
3

QQ
2

ZIZ
3

YmY
3

LLL
3

WHW
3

2j2
3

0100101010010
13

1011101
7

01100100110
11

1110111
7

110110011110011011
18

011111110
9

001011110100
12

111100001100001111
18

10011001010011001
17

101101101
9

10010001001
11

0000000000000000000000000000000000000000000000000000000000
58

00000000000000000000000000000000000000000000000000000000000000000000000000000000000000000
89

00000000000000
14

00000000000000000
17

0000000000000000000000000
25

00000000000000000000000000000000000000000000000000000000000000000000000000000000000000
86

000
3

000000000000000000000000000000000000000
39

0000000000000000000000000000000
31

00000000000000000000000000000000000000000000000000000000000000000000000000000000000000000000
92

0000000000000000000000000000000000000000000000000000
52

