PEP
3

Palindrome not existed!

dqd
3

jqj
3

Palindrome not existed!

RffR
4

151
3

Palindrome not existed!

Palindrome not existed!

CiC
3

YY
2

Palindrome not existed!

Palindrome not existed!

VV
2

33
2

yy
2

Palindrome not existed!

Palindrome not existed!

II
2

bDb
3

i4i
3

Palindrome not existed!

Palindrome not existed!

lYl
3

Palindrome not existed!

Palindrome not existed!

11000111100011
14

Palindrome not existed!

01001011011010010
17

000111101111000
15

0111001110
10

01000110111111101100010
23

0111101011110
13

01111111111110
14

000010000
9

111111
6

010011010110010
15

1001010101001
13

00001101100000110110000
23

10010111101001
14

10100101110100101
17

1000010100001
13

00110001100
11

1011001001101
13

0110000110
10

111000111
9

1001100110011001
16

01000000100000010
17

011101101110
12

00101011010100
14

10010011001001
14

01011111010
11

000000000000000000000000000000000000000000000000000000000000
60

00000000000000000000000000
26

0000000000000000000000000000000000000000000000000
49

0000000000000000000000000000000000000000000000
46

000000000000000000000000000000000000000000000000
48

0000000000000000000000000000000000000000000000000000000000000000000000000000000000000000000000
94

0000000000000000000
19

00000000000000000000000000000000000000000000000000000000000
59

00000000000000000000000000000000000000000000000000000000000000000000000000000000000000
86

000000000000000000000000000000000000000000000000000000000000000000000000
72

000000000000000000000000000000000000000000000000000000000000000000000000000000000000000
87

00000000000000000000
20

000000000000000000000
21

00
2

000
3

00000000000000000000000000000000000000000000000000000
53

Palindrome not existed!

Palindrome not existed!

0000000000000000000000000000000000000000000000000000000000000000000000000000000
79

00000000000000000000000000000000000000000000000000000000000000000000000000000000
80

0000000000000000000000000000
28

00000000000000000000000000000000000000000000000000000000000000000000000000000000000000000
89

0000000000000000000000000000000000000000000000000000000000000000000000000000000000
82

000
3

000000000000000000000000000000000000000000000000000000000000000000
66

000000000000000000000000000000000000000000000000000
51

