VV
2

6A6
3

kzk
3

VV
2

33
2

DmD
3

EE
2

Palindrome not existed!

vv
2

Palindrome not existed!

Palindrome not existed!

Palindrome not existed!

byb
3

yy
2

Palindrome not existed!

Palindrome not existed!

Palindrome not existed!

Palindrome not existed!

Palindrome not existed!

Palindrome not existed!

Palindrome not existed!

JJ
2

Palindrome not existed!

001011110100
12

1001100011001
13

0110010100110
13

010111000111010
15

0010100
7

Palindrome not existed!

011111110
9

101010010010010101
18

100111111001
12

0000110000
10

1110100010111
13

111
3

1001101011001
13

0000000110000000
16

000100101101001000
18

011100111001110
15

00111100
8

Palindrome not existed!

01101010110
11

000011110000
12

Palindrome not existed!

000101101000
12

011101110
9

0000000000000000000000000000000000000000000000000000000000000000000000
70

00000000000000000000000000
26

0000000000000000000000000000000000
34

000000000000000000000000000000000000000000000000000000000000000000000000000000000000000000
90

0000000000000000000000000000000000000000000000000000000000000000000000000000000
79

000000000000
12

000000000000000000000000000000000000000000000000000000000000000
63

00000000000000000000000000000000000000000000000000000000000000
62

00000000000000000000
20

00000000
8

0000000000000000000000000000000000000000000
43

00000000000000000000000000000000000000000000000000000000000000000000000000000
77

00000000000000000000000000000000000000000000000000000000000000000000
68

000000000
9

000000000000000000000000000000000000000000000000000000000000000000000000000000000000000000
90

000000000000000000000000
24

0000000000000000000000000000000000000000
40

000000000000000000000000000000000000000000000000000000000000000000000000000000000000000
87

00000000000000000000000000000000000000000000000000000000000000000000000000000
77

Palindrome not existed!

00000000000000000
17

0000000000000000000000000000000000000000000000000000000000000000000000000000000000000000
88

000000000000000000000000000000000000000000000000000000000000000000000000000000
78

