Palindrome not existed!

tVt
3

XPX
3

Palindrome not existed!

rWr
3

ece
3

ttt
3

Palindrome not existed!

Palindrome not existed!

iPi
3

99
2

HVH
3

jj
2

001011110100
12

11110011001111
14

0110110
7

01100100110
11

110111111111011
15

10110111100111101101
20

010011000110010
15

011110011110
12

10110101101
11

0100010
7

011000000110
12

1000000000001
13

0001111111000
13

000000000000000000000000000000000000000000000000000000000000000000000000000
75

0000000000000000000000000000000000000000000000000000000000000000
64

00000000000000000000000
23

0000000000000000000000000000000000000000000000000000000000000000000000000
73

0000000
7

00000000000000000000000000000000000000000000000000000000
56

000000000000000000000
21

0000000000000000000000000000
28

0000000000000000000000000000000000000000000000000000000000000000000000000000000000000000000
91

000
3

00000000000000000000000000000000000000000000
44

00000000000000000000000000000000000000000000000000000000000000
62

0000000000000000000000000000000000000000000000000000000
55

