Palindrome not existed!

kk
2

YPY
3

MyM
3

a7a
3

yuy
3

Palindrome not existed!

aa
2

jNj
3

Palindrome not existed!

IMI
3

Palindrome not existed!

Palindrome not existed!

FfF
3

jEj
3

HH
2

bIIb
4

0000100010000
13

10001010001
11

1010000000101
13

1011001001101
13

1001001001
10

101101101101
12

01011100111010
14

100001100001
12

0000
4

0100001001000010
16

101101101101101101
18

1111100011111
13

0100101011101010010
19

110000011
9

011111110
9

11
2

111010111
9

00000000000000000000000000000000000000000000000000000
53

00000000000000000000000000000000000000000000000000000000000000000000000000000
77

00000000000000000000000000000000000000000000000000000000000000000000000000
74

000000000000000000000000000000000000000000000000000000000000000000000000000000
78

00000000000000000000000000000000000000000000000
47

000000000000000000000000
24

0000000
7

000000000000000000000000000000
30

000000000000000000000000000000000000000000000000000000000000000000000000000000
78

00000000000000000000
20

00000000000000000000000000000000000000000000
44

0000000000000000000000000000000000000000000000000
49

000000000000000000000000000000000000000000000000000000000000000000
66

0000000000000000000000000000000000000000000000000000000000000000000000000000
76

0000000000000
13

000000000000000000000000000000000000000000000000000000000000000000000000000000000
81

00
2

