V7V
3

rfr
3

JJ
2

DD
2

Palindrome not existed!

RR
2

cc
2

ewe
3

Palindrome not existed!

Palindrome not existed!

UiU
3

DjD
3

xZx
3

Palindrome not existed!

uTu
3

YY
2

10111011101
11

00000011000000
14

110000101110100111001011101000011
33

0111000001110
13

0110011100110
13

1111110010100111111
19

11011111011
11

0101001001010
13

0000100110010000
16

01001011010010
14

010110000011010
15

0111010110110101110
19

1110011100111
13

1100000011
10

001101101100
12

110100101001011
15

0000000000000000000000000
25

000000000000000000000000000000000000000000
42

0000000000000000000000000000000000000000000000000000000000000000000000000000000000000000000000000
97

00000000000000000000000000000000000000000000000000000000000
59

000000000000000000000000000000
30

000000000000000000000000000000000000000000000000000000000000000000000000000000000000
84

000000000000000000000000000000000000
36

00000000000000000000000000000000
32

0000000000000000
16

000000000000000000000000000000000000000000000000000000000000000000000000
72

00000000000000000000000000000000
32

00000000000000000000000000000000000000000000000000000000000000
62

000000000000000000000000000000000000000000000000000000000000000000000000000
75

00000000000000000000000000000000000000000000000000000000000
59

000000000000
12

00000000000000000000000000000000000000000000000000000000000000000000000000
74

