7e7
3

Palindrome not existed!

ovo
3

Palindrome not existed!

11
2

Palindrome not existed!

Palindrome not existed!

cwc
3

DsD
3

99
2

r3r
3

Palindrome not existed!

Palindrome not existed!

01011111111010
14

11
2

1011111101
10

1111000000001111
16

01101001110010110
17

011111110
9

1000001
7

001000100001000100
18

1000000001
10

11110001111
11

1000100101001010010001
22

11100000111
11

10110001101
11

00000000000000000000000000000000000000000000000000000000000000000000000000000000000000
86

0000000000000000000000000000000000000000000000000000000000000
61

000000000000000000000000000000000000000000000000000000000000000000000000000000000000000000000000
96

000000000
9

000000000000000000000000000000000000000000000000000000000000000000000000000000
78

000000000000000000000
21

00000000000000000000000000000000000000000000000000000000
56

000000000
9

00000000000000000000000000000000000
35

0000000000000000000000
22

0000000000000000000000000000000000000000000000000000000000000000000000000
73

00000000000000000000000000000000000000000000000000000
53

000000000000000000000000000
27

