DD
2

XGX
3

hJh
3

ww
2

4S4
3

Palindrome not existed!

I8I
3

Palindrome not existed!

scs
3

EyE
3

bcb
3

ee
2

vlv
3

1011000001101
13

00
2

010010010
9

0000101010000
13

1100100010011
13

010
3

101110000011101
15

011000010000110
15

000
3

1010011100101
13

0001101100011011000
19

10001100100100110001
20

011000110
9

000000000000000000000000000000000000000000000000000000000000000000
66

000000000000000000000000000000000000000000000000000000000000000000000000000000000000
84

000000000000000000000000000000000000000000000000000000000
57

00000000000000000000000000000000000000000000000000000000000000000000
68

0000000000000000000000000000000000000000000000000000000000000000000000000000000000000000000
91

00000000000000000000000000000000000000000000000000000000
56

00000000000
11

0000000000000000000000000
25

0000000000000000000000000000000000000000000000000000000000000000000000000000000000
82

00000000000000000000000000000000000
35

000000000000000000000000000000000000000000000000000000000000000000000000
72

000000000000000000000000000000000000000000000000000000000000000000000000
72

000000000000000000000000000
27

