F6F
3

Palindrome not existed!

Palindrome not existed!

IVI
3

ii
2

FsF
3

j1j
3

DYD
3

ll
2

Palindrome not existed!

II
2

Palindrome not existed!

Palindrome not existed!

SjS
3

pp
2

DHD
3

UwnwU
5

Palindrome not existed!

OUO
3

BLB
3

Palindrome not existed!

NgN
3

lml
3

10110001101
11

111010010111
12

011111110
9

0100000010
10

0111111111110
13

10010001001
11

111101001100101111
18

0101010
7

101
3

0100111110010
13

010011110010
12

1010011100101
13

10000101010101010100001
23

00
2

101001111100101
15

10011001
8

11101000010111
14

000110011000
12

0010100
7

1000011100001
13

1100101010011
13

001001100100
12

1010100010101
13

00000000000000000000000000000000000000000000000000000000000000000000000000000000000000000000
92

0000000000000000000000000000000
31

0000000
7

00
2

000000000000000000000000000000000000000
39

00000000000000000000000000000000000000000000000000000000000000000
65

0000000000000000000000000000000000000000000000000000000000000000000000000000000000000000000000
94

0000000000000000000000
22

00000000000000000
17

00000
5

000000000000000000
18

00000000000000000000000000000000000000000000000000
50

0000000000000000000000000000000000000000000000000000000000000000000000000000000000000000000000000
97

000000000000000000000000000000000000000000000000000000000000000000000000000000000000
84

00000000000000000000000000000000000000000000000000000000000000000000000000000000000000000
89

000000
6

000000000000000000000000000000000000000000000000000000000000000000000000
72

000000000000000000000000000000000000000000000000000000000000000000000000000000000000000000000
93

0000000000000000000000000000000000000000000000000000000000000000000000000
73

000000000000000000000000000000000000
36

000000000000
12

0000000000000000000000000000000000000000000000000000000000000000000000000
73

00000000000000000000000000000000000000000
41

