A2A
3

Palindrome not existed!

Palindrome not existed!

Palindrome not existed!

5R5
3

Palindrome not existed!

ouo
3

FWF
3

bVb
3

Palindrome not existed!

YY
2

v7v
3

YY
2

11010011001011
14

1110001000111
13

1000000000001
13

11101010101010111
17

101010010101
12

1001111001
10

10101
5

0111010101110
13

10010011001001
14

000
3

01001110101110010
17

11000011
8

010000000010
12

00000000000000000000000000000000000000000
41

0000000000000000000000000000000000000000000000000000000000000000
64

000000000000000000000000000000000000000000000000
48

000000000000000
15

000000000000000000000000000000000000000000000000000
51

00000000000000000000000000000000000000000000000000000000000000000000000000000000000000000000000
95

00000000000000000000000000000000000000000000000000000000000000000000000000000000
80

0000000000000000000000000000000000000000000000000000000000000000000000000
73

000000000000000
15

00000000000000000000000000000000000000
38

0000000000000000000000000000000000000000000000000000000000000000000000000000000
79

00000000000000000000000000000000000000000000000000000000000000000000000000000000000000000
89

000000000000000000000000000000000000000000000000000000000000000
63

