Palindrome not existed!

3m3
3

kvk
3

Palindrome not existed!

00
2

Palindrome not existed!

vjv
3

Palindrome not existed!

YVY
3

4W4
3

ZUZ
3

100011110001
12

110000011
9

101111111101
12

Palindrome not existed!

1101001011
10

00011111000
11

00101010100
11

1001011101001
13

1001110111001
13

1110011111100111
16

10101110101
11

000000000000000000000000000000000000000000000000000000000000000000
66

000000000000000000000000000000000000000000000000000000000000000000
66

000000000000000
15

000000000000000000000000000000000000000000000000000000000000000000000000000000000000000000
90

000000000000000000000000000000000000000000000000000000000000
60

00000000000000000000000000
26

000000000000000000000000000000000000000000000000000000000000000000000000
72

000000000000000000000000000000000000000000000000000000000000000000000000000000000000000
87

0000000000000000000000000000000000000000000000000000000000
58

00000000000000000000000
23

0000000000000000000000000000000000000000000000000
49

