BB
2

1r1
3

OO
2

WiW
3

wbbw
4

e9e
3

t1t
3

DWD
3

F2F
3

zz
2

Palindrome not existed!

iRi
3

IdI
3

bb
2

UnU
3

bsb
3

vwv
3

00
2

OsO
3

ii
2

LGL
3

Palindrome not existed!

ww
2

BwB
3

tZt
3

IYI
3

Palindrome not existed!

MbM
3

zhz
3

Palindrome not existed!

011010101010110
15

011001001100100110
18

01100110
8

000101101101000
15

Palindrome not existed!

00101010100
11

0100100111001110010010
22

00111100
8

10000001
8

11000100011
11

110101110011101011
18

01001111111110010
17

10101010101
11

0111001110
10

01110011001110
14

01110101110
11

010101101010
12

100000001
9

10101110101
11

01110010001001110
17

110111010111011
15

101101101
9

011110
6

1101011101011
13

000001000100000
15

1000010100001
13

001111000111100
15

11
2

10101
5

11100111
8

Palindrome not existed!

00000000000000000000000000000000000000000000000000000000000000000000000000000000000000
86

00000000000000000000000000000000000000000000000000000000000000000000000000000000000000
86

000000000000000000000000000000000000000000000000000
51

00000000000000000000000000
26

000000000000000000000000000000000000000000000000000
51

000000000000000000000000000000000000000000000000000000000
57

000
3

00000000000000000000000000000000000000000000
44

0000000000000000000000000000000000000
37

0000000000000000000000000000000000000000000000000000000000000000000
67

00000000000000000000000000000000000000000000000000000000000000000000000000000000000000
86

000000000
9

000000000000000000000000000000000000000000000000000000000000000000000000000000000000000000
90

00000000000000000000000000000000000000000000000000000000000000000
65

0000000000000000000000000000000000
34

000000000000000000000000000000000000000000000000000000000000000000000000000000000000000000000000
96

00000
5

000000000000000000000000000000000000
36

0000000000
10

00000000000000000000000000000000000000000000000000000000000000000000000
71

000000000000000
15

000000000000000000000000000000000000000000000000000000000000000000
66

0000000000000000000000000000000000000000000000000000
52

000000000000000000000000000000000000000000000000000000000000000000000000000000000000000000000
93

00000000000000000000000000000000000000000000000
47

00000000000000000000
20

0000000000000000000000000000000000000000000000000000000000000000000
67

0000000000000000000000000000000000000000000000000000000000000
61

00000000000000000000000000000000000000000000000000000000000000000000000000000000000000000000000000
98

