fBf
3

P7P
3

Palindrome not existed!

JLJ
3

88
2

jvj
3

QOQ
3

Palindrome not existed!

Palindrome not existed!

AwA
3

Palindrome not existed!

nn
2

SgS
3

1110110111
10

10010101001
11

011011110110
12

111011111110111
15

10011011011001
14

0101001010
10

000101111101000
15

11001100000110011
17

00
2

1111
4

1101011101011
13

1100111110011
13

010110101011010
15

000000000000000000000000000000000000000000000000000000000000000000000000000000000000000000000
93

000000000000000000000000000000000000000000000000000000000000
60

00000000000
11

000000000000000000000000000000000000000000000000000000000000000000
66

00000000000000000000000000000000000000000000000000000
53

0000000000000000000000
22

00000000000000
14

000000000000000000000000000000000000000000000
45

000000000000000000000000000000000000000000
42

00
2

000000000000000000000000000000000000000000000000000000000
57

00000000000000000000000000000000000000000000000000000000000000000000000000000000000000000
89

00000000000000000000000000000000000000000000
44

