EE
2

aXa
3

CC
2

Palindrome not existed!

Palindrome not existed!

QYQ
3

x0x
3

Palindrome not existed!

3s3
3

UTU
3

DD
2

F8F
3

01100100110
11

0111111111110
13

001010111010100
15

111100001111
12

011101011110101110
18

11100100000100111
17

01000000010
11

0111011111101110
16

0100000110000010
16

101100010001101
15

1100101010011
13

001101100
9

00000000000000000000000000000000000000000000000000000000000000000000000000
74

0000000000000000000000000000000000000000000000000000000000000000000000000000000000000000
88

0000000000000000000000000000000000000000000000000000000000000000
64

0000000000000000000000000000000000000000000000000000000000000
61

00000000000
11

00000000000000000000000000000000000000000000000000000000000000000000000
71

0000000000000000000000000000000000000000000
43

0000000000000000000000000000000000000000000000000000000000000000000000
70

00000000000000000000000000000000000
35

0000000000000000000000000000000000000000000000000000000000000000000000000
73

00000000000000000000000000000000000000000000000000000000000000000000
68

00000000000000000000000000000000000000000000000000000000000000000
65

