l4l
3

Palindrome not existed!

3g3
3

Palindrome not existed!

Palindrome not existed!

SBS
3

Palindrome not existed!

r8r
3

4E4
3

Palindrome not existed!

Palindrome not existed!

UvU
3

111001100111
12

0000110110000
13

11011011
8

0010110100
10

01110
5

111010010010111
15

110010010011
12

11000110001100011
17

1101001011
10

010000000010
12

01110101110
11

0011001111111111111001100
25

0000000
7

000000000000000000000000000000000000000000
42

000000000000000000000000000000000000000000000000000000000000000000000000000000000000000000
90

0000000000000000000000000000000000000000000000000000000000000000000000000000
76

0000
4

0000
4

0000000000000000000000000000000000000000000000000000000000000000000000000
73

00000000000000000000000000000000000000000000000000000000000000000000000000000
77

00000000000000000
17

000000000000000000000000000000000000000000000000000000000
57

0000000000000000000000000000000000000000000000000000000000000000000000
70

0000000000000000000000000000000000000000000000000000
52

