oGo
3

IhI
3

zZz
3

eRe
3

Palindrome not existed!

cBc
3

ANA
3

oA7Ao
5

Palindrome not existed!

Palindrome not existed!

SS
2

0111110
7

101111101
9

11011
5

101000101
9

00010101000
11

0110101010110
13

110010011
9

100111111001
12

01000011000010
14

1100111011100011101110011
25

010010010
9

0000000000000000000000000000000000000000000000000000000000000000
64

00000000000000000000000000000000000000000000000000000000000000000000000000000000000000000000000000
98

00000000000000000000000000000000000000000000000000000
53

000000000000000000000000000000000
33

0000000000000000
16

0000000000000000000000000000000000000000000000000000000
55

00000000000000000000000000000000000000000000
44

000000000000000000000000000000000000000000000000000000
54

0000000000000000000000000000000000000000000000000000
52

000000
6

000000000000000000000000000000000000
36

