Palindrome not existed!

22
2

ZAZ
3

TnT
3

cc
2

ZXZ
3

scs
3

bb
2

Palindrome not existed!

Palindrome not existed!

Palindrome not existed!

Palindrome not existed!

Palindrome not existed!

HH
2

Palindrome not existed!

1K1
3

0F0
3

Palindrome not existed!

GxG
3

XUFUX
5

hKh
3

Palindrome not existed!

XX
2

Palindrome not existed!

OO
2

Palindrome not existed!

QQ
2

Palindrome not existed!

Palindrome not existed!

mGm
3

0011010101100
13

011110
6

111011100001110111
18

0011111111100
13

101111111111101
15

0110000011100000110
19

01000010
8

11100111
8

101011110101
12

00001110000
11

100111101111001
15

10000101010100001
17

0100000110000010
16

001110011100
12

1000000110000001
16

1001101011001
13

11110101111110101111
20

11110011001111
14

10101
5

1111000001111
13

01001011111010010
17

00100010001000100
17

0010011111100100
16

00100011000100
14

111001000100111
15

1000001
7

11011100111011
14

111010010010111
15

0001111111000
13

1111101001011111
16

00000000000000000000000000000000000000000000000
47

00000000000000000000000000000000000000000000000000000000000000000000000000000000000000000
89

000000000000000000000000000000000000000000000000000000000000000000000000000000000000000000000000000
99

000000000000000000000000000000000
33

00000000000000000000000000000000000000000000000000000000000000000000000000000000000000000
89

00000000000000000000000000000000000000000000000000000000000000000000000000000000000000000000000
95

0000000000000000000000000000000000000000000000000000000000000000000
67

000000000000000000000000000000000000000000000000000000000000000000000000000000000000000000000000000
99

00000000000000000000000000000
29

0000000000000000000000000000000000000000000
43

000000000000000
15

0000000000000000000000000000000000000000000000000000000000000000000000
70

0000000000000000000000000
25

000000000000000000000000000000000
33

00000000000000000000000000000000000000000000000000000000000000000000000000000000000000
86

000000000000000000000000000000000000000000000000000000000000
60

0000000000000000000000000000000000000000000000000000000000000000000000000000000000000000000000000
97

0000000000000000000000000000000000000000000000000000000000000000000000000
73

000000000000000000000000000000000000000000000000000000000000000000000
69

00000000000000000000000000000000000
35

0000000000000000000000000000000000000000000000000000000000000
61

000000000000000000000000000000000000000000000000000000000000000000000000000
75

00000000000000000000000000000000000000000000000000000000000000000000
68

0000000000000000000000000000000000000000000000000000000000000000000000000000000000000000000000000
97

0000000000000000000000000000000000000000000000000000000000000000000000
70

0000000000000000000000000000000000000000000000000000000000000000000000000000000000000000000000000
97

000000000000000000000000000000000000
36

0000000000000000000000
22

000000000
9

0000000000000000000000000000000000
34

