OtO
3

3l3
3

Palindrome not existed!

h9h
3

Palindrome not existed!

Palindrome not existed!

FZF
3

JeJ
3

Palindrome not existed!

wAw
3

33
2

rCr
3

1A1
3

NrN
3

OeO
3

iUi
3

EE
2

l2l
3

9g9
3

G8G
3

zOz
3

iSi
3

Palindrome not existed!

oto
3

zz
2

KHK
3

ZAZ
3

gag
3

00010000001000
14

1101001011
10

111011111000111110111
21

0101101110111011010
19

101100001101100001101
21

10101111111110101
17

0110000110000110
16

0110111001110110
16

111010111111010111
18

110101110000011101011
21

01001010010
11

11011111011100111011111011
26

1101100111110011011
19

11011101010000001010111011
26

01110011001110
14

01010111101010
14

011010010110
12

011011110110
12

1111101011111
13

10001
5

011100001110
12

10111000011101
14

0011011101100
13

100111111001
12

001100101001100
15

0001101111111011000
19

100110101011001
15

101100001101
12

0000000000000000000000000000
28

000000000000000000000000000000000
33

000000000
9

000000000000000000000000000000000000000000000000000000000000000000000000000000000000000000000000
96

000000000000000000000000000000000000000000000000000000000000000000000000
72

000000000000000000000000
24

00000000000000000000000000000000000000000000000000000000000000000
65

00000000
8

00000000000000000000000000000000000000000000000000000
53

000000000000000000000000000000000000000000000000000000000000000000000000000000000000000000000
93

000000000000000000000000000000000000000000000000000000000
57

00000000000000000000000000000000000000000000000000000000000000000000000000000000
80

0000000000000000000000000000000000000000000
43

0000000000000000000000000000000000000000
40

0000000000
10

0000
4

000000000000000000000000000000000000000000000000000000000000000000000000000000000000000000000000000
99

0000
4

00000000000000000000000000000000000000000000000
47

00000000000000
14

0000000
7

0000000000000000000000000000000000000000000000000000000000000000000000
70

000000000
9

000000000000000000000000000000000000000000
42

000
3

00000000000000000000000000000000000000000
41

000000000000000000000000000000000000000000000000000000000000
60

000000000000000000000000000000000000000000000000000000000000000000000000000000000000000000000000
96

