ss
2

Palindrome not existed!

CC
2

Palindrome not existed!

NN
2

Palindrome not existed!

Palindrome not existed!

Palindrome not existed!

mCm
3

Palindrome not existed!

U0U
3

Palindrome not existed!

jUj
3

odo
3

hh
2

MRM
3

DrD
3

Yt3tY
5

W5W
3

II
2

RFR
3

ara
3

77
2

Palindrome not existed!

L5i5L
5

Palindrome not existed!

tt
2

11001010011
11

11111011111
11

01111011110
11

11010001011
11

000001100000
12

01101110110
11

101100001101
12

011010110
9

11
2

000101000
9

010101010
9

01110
5

0011111100
10

010011111110010
15

001100
6

1100110011
10

0101000001010
13

01011111111010
14

110111111011
12

100100001001
12

101111101
9

00111100
8

10100101
8

10100000101
11

001101000101100
15

101101101
9

10101
5

000000000000000000000000000000000000000
39

000000
6

000000000000000000000000000000000000000000000000000000000000000000000000000000000
81

00000000000000000000000000000000000000000000000000000000000000000000000000
74

0000000000000000000000000000000000000000000000000000000000000000000000000000000
79

000000000000000000000000000000000000000000000000000000000000000000000000000
75

000000000000000000000000000000000000000000000000000000000000000000000000000
75

000000000000000000000000000000000000000000000000000000000000000000000000000000000
81

000000000000
12

0000000000000000000000000000000000000000000000000000000
55

0000000000000000000000000000000000000000000000000000000000000000000000000000000000000000
88

00000000000000000000000000000000000000000000000000000000000000000000
68

000
3

00000000000000000000000000000000000000000000000000000000000000000000
68

000000000000000000000000000000000000000000000000000000000000000000000000000000000000000000
90

000000000000000000000000000000000
33

000000000000000000000000000000000000000000000000000000000000000000000000000000000000000
87

000000000000000000000000000000000000000000000
45

0000000000000000000000000000000000000000000000000000000000000000000000
70

0000000000000000000000000000000000000000000000000000000000000000000000000000000000000000000
91

000000000000
12

0000000
7

0000000
7

0000000000000000000000000000
28

0000000000000000000000000000000000000000000000
46

0000
4

000000000000000000000000000000000000000000000000000000000000000000000000000000000000000000000
93

