EyE
3

Palindrome not existed!

ee
2

Palindrome not existed!

KK
2

Palindrome not existed!

KhK
3

sSs
3

Palindrome not existed!

OO
2

Palindrome not existed!

Palindrome not existed!

eCe
3

pXp
3

LL
2

II
2

Palindrome not existed!

Palindrome not existed!

TT
2

ff
2

E9E
3

ww
2

Palindrome not existed!

NN
2

WFW
3

qVq
3

00101111110100
14

Palindrome not existed!

01100111100110
14

001101000000101100
18

10101110101
11

Palindrome not existed!

101101111101101
15

01011111010
11

00100
5

1110101010111
13

010001101100010
15

10000000000001
14

0110000110
10

1100100000010011
16

111
3

11001010010001001010011
23

00
2

1110000111
10

0110011100110
13

1000000001
10

101111101
9

1101001011
10

0110110110110
13

1111010101111
13

1000001111000001
16

00101010100
11

0000000000000000000000000000000
31

0000000000000
13

00000
5

00000000000000000000000000000000000000000000000000000
53

00000000000000
14

00000000000000000000000000000000000000000000000000000000000000000000000000000000
80

00000000000000
14

000000000000000000000
21

00000000
8

00000000000000000000000000000000000000000000000000000000000000000000000000000000000
83

000000000000000
15

000000000000000000000000000000000000000000000000000000000000000
63

000000000000000000000000000000000000000000000000000000000000000000000000000000000
81

0000000000000000000000000000000000000000000000
46

000000000000000000000000000
27

00000000000000000000000000000000000000000000000000000000000000000000000000
74

000000000000000000000000000000000000000
39

00000000000000000000000
23

000000000000000000000000000000000000000000000000000000000000000000000000000000000000000000000000000
99

00000000000000000000000000000000000
35

000000000000000000000000
24

00000000000000000000000000000000000000000000000000
50

0000000000
10

000000
6

0000000000000000000000000000000000000000000000000000000000000000
64

0000000000
10

