YY
2

Palindrome not existed!

Palindrome not existed!

77
2

Palindrome not existed!

Palindrome not existed!

Palindrome not existed!

Palindrome not existed!

eYe
3

XX
2

ATA
3

QhQ
3

77
2

44
2

kqk
3

xsx
3

hGh
3

Palindrome not existed!

OO
2

OO
2

Palindrome not existed!

HQH
3

Palindrome not existed!

Y3Y
3

M9M
3

Palindrome not existed!

DD
2

dEd
3

U9U
3

NN
2

000111111000
12

01011111111010
14

11100111100111
14

010001010100010
15

110101101011
12

0100111111110010
16

101001100101
12

11011
5

11101001010010111
17

0101111010
10

101101010101101
15

111001010100111
15

1011101011101
13

011110
6

01110
5

11
2

111
3

101110010010011101
18

01100100110
11

011010110
9

01010000001010
14

0101010101010
13

110110111111011011
18

01111110
8

00101110100
11

001100001100
12

000100101001000
15

1101111111011
13

000001101100000
15

1001001001
10

000000000000000000000000000000000000000000000000
48

0000000000000000000000000
25

0000000000000000000000000000000000000000000000000000000000000000000000000000000000
82

000000000000000000000000000000000000000000000000
48

000000000000000000000000000000000000000000000000000000000000000000000
69

000000000000000000
18

00000000000000000000000000000000000000000000000000000000000000000000
68

0000000000000000000000000000000000000000000000000000
52

00000000000000000000000000000000000000000000000000000000000000000000000000000000
80

0000000000000000000000000000000000000000
40

0000000000000000000000000000000000000000000000000000
52

000000000000000000
18

00000000000000000000000000000000000000000000000000000000000000000000
68

000000000000000000000000000000000000000000000000000000000000000000000
69

000000000000000000000000000000000000000000000000000000
54

00000000000000000000000000000000000000000000000000000000000000000000000000000000000000
86

000000000000000000000000000000000000000000000000000000000000000000000000
72

0000000000000000000000000000000000000000000000000000000000000000000000000000
76

000
3

000000000000000000000000000000000000000000000000000000000000000000000000000000000000000
87

0000000000000000000000000000000000000000000000000000000000000000000000000000000000000000000000000
97

00000000000000000
17

0000000000000000000000000000000000000000000
43

0000000000000000000000000000000000000000000000000000000000000000000000
70

0000000000000000000000000000000000000000000000000000000000000
61

000000000000000000000000000000000000000000000000000000000000000000000
69

0000000000000000000000000000000000000000000000
46

000000000000000000000000000000000000000
39

00000000000000000000000000000000000000000000000000000000000000000000
68

00000000000000000000000000000000000000000000000000000000000000000000000000000000000000
86

