88
2

Palindrome not existed!

yy
2

Palindrome not existed!

Palindrome not existed!

ll
2

LIL
3

beb
3

Palindrome not existed!

j5j
3

vv
2

Palindrome not existed!

JsJ
3

55
2

K9K
3

ss
2

x3x
3

cBc
3

Palindrome not existed!

Palindrome not existed!

3N3
3

bKb
3

FF
2

10011001
8

01001011010010
14

101101
6

1001100011001
13

10011111001
11

0110100010110
13

111000111000111
15

0100101010101010010
19

11011
5

00011000
8

1101000110001011
16

1001110110111001
16

11101110111
11

0110110
7

Palindrome not existed!

100000000001
12

10010100000101001
17

0000011100000
13

00010111101000
14

101101
6

0010110100
10

0110011100110
13

010100101001010
15

0000000000000000000000000000000000000000000000000000000000000000000000000000000000000
85

0000000000000000000000000000000000000000000000000000000000000000000000000000000000000000000000
94

0000000000000000000000000000000000000000000000000000000000000000000
67

0000000000000000000000000000000000000000000000000000000000000000000000000000000000000000000
91

000000000000000000000000000000000000000000000000000000000000000
63

0000000000000000000000000000000000000000000000
46

000000000000000000000000000000000000000000000000000000000000000000000000000000000000000000000000000
99

00000000000000000000000000000000000000000000000000000000000000000000000000000000000
83

0000000000000000000000000000000000000000
40

0000000
7

000000000000
12

00000000000000000000000000000000000000000000000000000000000000000000000000000
77

00000000000000000000000000000000000000000000000000000000000000000000000000000000000000000000
92

0000000000000000000000000000000000000000000000000000000000000000000000000000000000
82

0000000000000000000000000000000000000000000000000000000000000000
64

00000000000000000000000000000000000
35

00000000000000000000000000000000000000000000000000000000000000000000000000000000000
83

000000000000000000000000000000000000000000000000000000000000000000000000000000000000000000000
93

0000000000000000000000000000000000000000000
43

000000000000000000000000000000000
33

00000000000000000000000000000000000000000000000
47

00000000000000000
17

00000000000
11

