55
2

OvO
3

Palindrome not existed!

x5x
3

QvQ
3

Palindrome not existed!

DooD
4

Palindrome not existed!

Palindrome not existed!

Palindrome not existed!

xx
2

Palindrome not existed!

Palindrome not existed!

Palindrome not existed!

Palindrome not existed!

BOB
3

EzE
3

L1L
3

hh
2

Palindrome not existed!

QQ
2

nGn
3

Palindrome not existed!

6I6
3

eJe
3

55
2

010010010010010010
18

10110001101
11

0111100110011110
16

10100100101
11

000110011000
12

110101111101011
15

00111011100
11

1110110111
10

0011011101100
13

10100101
8

11010110000001101011
20

110100101001011
15

0110110110
10

11011011011
11

00111001111110011100
20

101100001101
12

01111011110
11

011011110110
12

110001001011110100100011
24

0001000
7

010011111110010
15

00
2

01100100110
11

0010110100
10

10111101
8

01010111111101010
17

000000000000000000000000000000000000000000000000000000000000000
63

0000000000000000000000000000000000000000000000000000000000000000000000000000000000000000000
91

000000000000000000000000000000000000000000000000000000000000000000000000
72

00000000000000000000000000000000000000000000000
47

00000000000000000000000000000000000000000000000000000000000000000000000000000000000000000
89

000000000000000000000000000000000000000000000000000000000000000000000000000000
78

0000000000000000000
19

00000
5

0000
4

00000000000000000000000000000000000000000000000
47

000000000000000000000000000000000000000000000
45

0000000000000000000000000000000000000000000000000000000000000
61

00000000000000000000
20

0000000000000000000000000000000000000000000000000000000000000
61

00000000000000000000000000000000000000000000000000000
53

000000000000000000000000000000000000000000000000000000000000000000000000000000000000
84

0000000000000000000
19

00000
5

000000000000000000000000000000000000000000000000000000000000000000
66

0000000000000000000000000000000000000000000000000000000000000000000000000000000000000000000
91

Palindrome not existed!

0000000000000000000000000000000
31

00000000000000000000000000000000000000000000000000000000000000000000000000000000000000000000000
95

000000000000000000000000000000000000000000000000000000000000
60

0000000000000000000000000000000000000000000000000000000000000000000000000000
76

00000000000000000000000000000000000000000000000000000000000000000000000000000000000000000000
92

