vhv
3

939
3

Palindrome not existed!

Palindrome not existed!

Palindrome not existed!

ADA
3

Palindrome not existed!

y8y
3

Palindrome not existed!

5z5
3

Palindrome not existed!

VV
2

8S8
3

Palindrome not existed!

2g2
3

Palindrome not existed!

GhG
3

Palindrome not existed!

kTk
3

Palindrome not existed!

CQC
3

00000
5

111000111
9

0010110100
10

1011001101
10

1001001001
10

100000001
9

011011010010110110
18

10000001
8

00001100000110000
17

010111101111010
15

001100
6

011110
6

01001011011010010
17

10101010101
11

111010111
9

001000000100
12

01100110
8

0011110110111100
16

111000111
9

01010110001101010
17

000101111010111101000
21

000000000000000000000000000000000000000000000000000000000000000000000000000000000000
84

00000000000000000000000000000000000000000000000000000000000000000000000000000000000
83

000000000000000000000000000000000000000000000000000000000000000000000000000000000000000000000000000
99

000000000000000000000000000000000000000
39

0000000000000000000000000000000000000000000000000000000000
58

00000000000000000000000000000000000000000000000000000000000000000000000000000000000000000
89

000000000000000000000000000000000000000000000000000000000000000000000
69

000000000000000000000000000000000000000000000000000000000000000000000000000000000000000000
90

0000000000000000000000000000000000
34

000000000000000000000000000000000000000000000000000000000000000000000000000000000000000000000000
96

00000000000000000000000000000000000000000000000000000000000000000000000000000000000000000
89

00000000000000000000000000000000000000000000000000000000000000
62

00000000000000000000000000000000000000000000000000000000000000000000000000
74

00000000000000000000000000000000000000000000
44

000000000000000000000000000000000000000000000000000000000000000000000000000000000000000000
90

0000000000000000000000000000000000000000
40

000000000000000000000000000000000000000000000000
48

00000000000000000000000
23

000000000000000000000000000000000000000000000
45

00000000000000000000000
23

000000000000000000000000000000000000000000000000000000000000000000000000000000
78

