kXk
3

Palindrome not existed!

SwS
3

TiT
3

Palindrome not existed!

FF
2

BB
2

CC
2

WkW
3

gcg
3

FzF
3

Palindrome not existed!

Palindrome not existed!

Palindrome not existed!

Palindrome not existed!

Palindrome not existed!

Palindrome not existed!

10100000000101
14

1010101
7

01101001110010110
17

0011111100
10

0001101011000
13

00011000011000
14

0111010000000101110
19

00011000
8

101
3

100001
6

111010010111
12

10001111110001
14

100101001
9

110000011
9

000111010111000
15

1110001000111
13

0101011011101101010
19

00000000000000
14

0000000000000000000000000000000000
34

0000000000000000000000000000000000000000000000000000000
55

0000000000
10

00000000000000000000000000000000000000000000000000000000000
59

00000000000000000000000000000000000000000000000000000000000000000000000000000000000000000000000000
98

0000000000000000000000000000000000000000000000000000000
55

0000
4

0000000000000000000000000000000000000000000000000000000000
58

0000000000000000
16

00000000000000000000000000000000000000000000000000000000000000000
65

000000000000000000000000000000000000000000000000000
51

000000000000000000
18

0000000000000000000000000000000000000000000000000000
52

00000000000
11

00000000
8

000000000000000
15

