YY
2

XvvX
4

pbp
3

wpw
3

6q6
3

mIm
3

Palindrome not existed!

Palindrome not existed!

Palindrome not existed!

Palindrome not existed!

jj
2

Palindrome not existed!

OtUtO
5

FF
2

Palindrome not existed!

hBh
3

WeW
3

tt
2

hsh
3

Palindrome not existed!

898
3

m2m
3

SlS
3

MM
2

BTB
3

MOM
3

JcJ
3

111000111
9

11001010011
11

1101001011101001011
19

100001
6

0110000010100000110
19

001111100010001111100
21

0010110011100110100
19

110000000000000011
18

011101111111101110
18

110011000110011
15

001011101110100
15

011100001110
12

011010010110
12

10000000001
11

01010110001101010
17

110000010000011
15

1010110101
10

1100010101001010100011
22

0110110110
10

111100001111
12

1100011
7

01101100110110
14

011011000110110
15

110011101111101110011
21

1000110000110001
16

0101111111111010
16

111111110111011111111
21

00000000000000000000000000000000000000000000000000000000000000000000000000000
77

000000000000000000000000000000000000000000000000000000000000000000000000
72

0000000000000000000000000000000000000000000000000000000000000000000000000000000000
82

0000
4

0000000000000000000000000000000000000
37

0000000000000000000000000000000000000000000000000000000000000
61

00000000000000
14

000000000000000000000000000000
30

00000000000000000000000000000000000000000000000000000000000000000000
68

000000000000000000000000000000000000000000000000000000000000000000000000000000000000000000000
93

0000000000000000000000000000000000000000000000000000
52

00000000000000000000000000000000000000000000000000000000000000000000000000000000000000000000
92

000000000000000000000000000000000000000000000000000000000000
60

0000000000000000000000000000000000000000000000000
49

00000000000000000000000000000000000000000000000000000000
56

00000
5

0000000000000000000000000000000000000000000000000000000000000000000000000000000000000000000
91

000000000000
12

0000000000000000000000000000000000000000000000000000000000000000000000000000000000000000000000000
97

0000000000000000000000000000000000000000000000000000
52

00000000000000000000000
23

00000
5

000000000000000000000000000000000000000000000000000000000000000000000000000000
78

0000000000000000000000000000000000000000000000000000000000000000000000000000000000000000000000
94

0000000000000000000000000000000000000000000000
46

00000000000000
14

00000000000000000000000000
26

