CLC
3

DsD
3

rr
2

UU
2

Palindrome not existed!

3f3
3

Palindrome not existed!

Palindrome not existed!

Palindrome not existed!

MM
2

AA
2

Palindrome not existed!

Palindrome not existed!

IHI
3

bb
2

R5R
3

dd
2

OgO
3

CC
2

Palindrome not existed!

cmc
3

Palindrome not existed!

D7D
3

101011110101
12

1000001
7

1101111010000101111011
22

01011100100111010
17

10100011011000101
17

01100011000110
14

1000101010001
13

010011000000110010
18

1110010100111
13

11110000001111
14

11
2

0011110110111100
16

111111111
9

010010011110010010
18

10100100101
11

000
3

000000000
9

111011110111
12

1001111111001
13

00100
5

100110011110011001
18

0111010101110
13

0001001000
10

000000000000000000000000000000000000000000000
45

000000000000000000000000000000000000000000000000000000
54

0000000000000000000
19

0000000000000000000000000000000000000000000000000000000000000000000000000000
76

000000000000
12

000000000000000000000000000000000000000000000000000000
54

00000000000
11

000000000000000000000000000000000000000000000000000000000000000000000000
72

0000000000000000000000000000000000000000000000000000000000000000
64

000000000000000000000000
24

00000000000000000000000000000000000000000000000000000000000000000000000000000000000000000000000
95

00000000000000000000000000000000000000000000000
47

000000000000000000000000000000000000000000000000000000000000000000000000000000
78

0000000000000000000000000000
28

0000000000000000
16

0000000000000000000000000000000000000000000000000000000000000000000000000000000000
82

0000000000000000000000000000000000000000000000000000000000000000000
67

00000000000000000000000
23

0000000000000000000000000000000000000000000000000000
52

0000000000000000000000000000000000000000000000000000000000000000000000000000000000000000000000000
97

0000000000000000000000000000000000000000000000000000000
55

00000000000000000000000000000000000000000000000000000000000000000000000000000000
80

0000000000000000000000000000000000000000000000000000000
55

