Palindrome not existed!

G2G
3

uSu
3

Palindrome not existed!

tSt
3

eJe
3

eHe
3

ff
2

Palindrome not existed!

qvq
3

KpK
3

00111001110011100
17

01100000111100000110
20

110101011
9

1001110111001
13

101110101011101
15

000101010010101000
18

11
2

111001100111
12

001010100
9

11000010011001000011
20

010010101101101010010
21

00000000000000000000000000000000000000000000
44

000000
6

00000000
8

000000000000000000000000000000000000000000000000000000000000000000
66

00000000000000000000
20

000000000000000000000000000000000000000000000000000000000000
60

0000000000000000000000000000000000000000000000000000000000000
61

00000000000000000
17

00000000000000000000000000000000000000000000000000000000000000000000000000
74

0000000000000000000000000000000000000000000000000000000000000000000000000
73

000000000000000000000000000000000000000000000000000000000000
60

