hCh
3

Palindrome not existed!

jj
2

Palindrome not existed!

Z9Z
3

Palindrome not existed!

m6m
3

gog
3

Palindrome not existed!

tgt
3

qtq
3

JJ
2

Palindrome not existed!

mm
2

INI
3

Palindrome not existed!

Palindrome not existed!

j7j
3

ii
2

d8d
3

010010
6

10000101001010010100001
23

0000000010100000000
19

10000110011001100001
20

1111
4

00010110101101000
17

001010111010100
15

1000010100001
13

1010111101001011110101
22

10011111001
11

101101
6

101101101
9

00
2

01000111100010
14

1010000000000101
16

1011001001001101
16

1011001001101
13

010000010
9

11101011111010111
17

1011011101111011101101
22

0000000000000000000000000
25

0000000000000000000000000000000000000000000000000000000000000000000000000000
76

000000000
9

000000000000000000000000000000000000000000000000000000000000000000000000000000000000000000000000
96

00000000000000000000000000
26

0000000000000000000000000000000000000000000000000000000000
58

00
2

000000000000000000000000000000
30

0000000000000000000000000000000000000
37

00000000000000000000000000000000000000000000000000000000000000000000000000000000000000
86

0000000000000000000000000
25

00000000000000000000000000000000000000000000000000000
53

00000000000000000000000000000000000000000000000000000000000000000000
68

000
3

000000000000000000000000000000000000000000000000000000000000
60

00000000000000000000000000000000000000000000000000000000000000000000000
71

0000000000000000000000000000000000000000000000000000000000000000000000000000000000000000000
91

00000000000000000
17

000000000000000000000000000000000000000000000000000000000000000000000000000
75

0000000000000000000000000000000000000000000000000000000000000000000000000000000000
82

