OKO
3

9y9
3

33
2

LZL
3

EiE
3

Palindrome not existed!

Palindrome not existed!

vVv
3

Palindrome not existed!

5O5
3

LHL
3

MhM
3

bKb
3

Palindrome not existed!

Palindrome not existed!

qq
2

0110101111010110
16

101111111101
12

111101111
9

11111011011111
14

001111110011111100
18

1001100011001
13

000000
6

1001
4

010010111111010010
18

0011111111100
13

100000001
9

00001000010000
14

1010001111000101
16

01000010
8

00111100
8

1010000101
10

00000000000000000000000
23

000
3

00000
5

000000000000000000000000000000000000000000000000000000000000000000000000000000000000
84

000000000000000000000000000000000000000000000000000000000000000000000000000000000000000000000000
96

0000000000000000000000000000000000000000000000000000000000
58

00000000000000000000000000000000000000000000000
47

0000000000000000000000000000000
31

000000000000000000000000000000000000000000000000000
51

00000000000000
14

000000000000000000000000000000000000000000000000000000000000000000000000000000000000
84

0000000000000000000000000000000000000000000000000000000000000000000000000000000000000000000000000
97

00000000000000000000
20

0000000000000000000000000000000000000000000000000000000000000000000000000000000000000
85

00000
5

0000000000000000000000000000000
31

