aa
2

snons
5

Palindrome not existed!

SqS
3

vv
2

WAW
3

3j3
3

9X9
3

JbJ
3

d7d
3

Palindrome not existed!

ZWZ
3

Palindrome not existed!

Palindrome not existed!

Palindrome not existed!

MWWM
4

0c0
3

Palindrome not existed!

Palindrome not existed!

grg
3

Palindrome not existed!

dmd
3

xGGx
4

Palindrome not existed!

Palindrome not existed!

LL
2

Palindrome not existed!

101101101
9

101010101
9

1011101
7

1011101
7

0010101010100
13

101111101
9

0111110
7

1100011100110011100011
22

11111000011111
14

01011101010111010
17

11
2

100001
6

1011110111101
13

1011110111101
13

1001001001
10

010011110010
12

11101001110010111
17

00000011000011000000
20

010
3

11001010011
11

00111101100110111100
20

Palindrome not existed!

10101
5

011011111110110
15

01110101110
11

011111110
9

1101101011011
13

0000000000000000000
19

000000000000000000000000000000000000000000000000000000000000
60

00000000000000000000
20

0000000000000
13

0000000000000000000000000000000000000000000000000000000000000000000000000000000
79

00000000000000000000000000000000000000000000000000000
53

00000000000000000000000000000000000000000000000000000000000000000000
68

000000000000000000000000000000000000
36

00000000000000000000000000000000000
35

000000000000000000000000000000000000000000000000000000000000000000000000000000000000000000000000
96

0000000000000000000000000000000000000000000000000000000
55

00000000000000000000000000000000000000000000000000000000000000000000000000000000000000000
89

00000000000000000000000000000000000000000000000000000000000000
62

0000000000000000000000000000000000000000000000000
49

000000000000000000000000000000000000000000000000000000000000000000000000000
75

00000000000000000000000000000000000000000000000
47

000000000000000000000000000000000000000000000000000000000000000000000000000000000000000000000000000
99

0000000000000000000000000000000000000000000000000000000000000000000000000000000000000000000000
94

0000000000000000000000000000000000000
37

0000000000000000000000000000000000000000000000000000000000000
61

000000000000000000000000000000000000000000000000000000000000000000000000
72

000000000000
12

00
2

00000000000000000000000000000000000000
38

00000000000000000000000000000000000000000
41

0000000000000000000000000
25

000000000000000000000000000000000000000000000
45

