DFD
3

Palindrome not existed!

Palindrome not existed!

QcQ
3

Palindrome not existed!

Palindrome not existed!

5b5
3

2r2
3

YasaY
5

vGv
3

VPV
3

a1a
3

Palindrome not existed!

Palindrome not existed!

BoB
3

gg
2

0y0
3

LRL
3

OWO
3

Palindrome not existed!

ll
2

nn
2

fuf
3

fff
3

Palindrome not existed!

Palindrome not existed!

4h4
3

vv
2

Palindrome not existed!

1011101011101
13

110010011
9

001000101000100
15

1111010000101111
16

110100001011
12

000101000
9

10111011011101
14

11101110111
11

010110011110011010
18

0111000001110
13

1110111
7

011000111010111000110
21

0011101001001011100
19

000011101110000
15

1001111001
10

11000000011
11

10111101
8

00011011000
11

01110001110
11

10110001101
11

111101111
9

0110000110
10

0001110111000
13

01101110110
11

0000
4

1101000001011
13

100100001001
12

011101101110
12

10100011011000101
17

0000000000000000000000000000000000000000000000000
49

0000000000000000000000000000000000000000000000000000000000
58

000000000000000000000000000000000
33

000000000000000000000000000000000000000000000000000000000000000
63

00000000000000000000000000000000000
35

0000000000000000000000000000000000000000000000000
49

00000000000000000000000000000000000000
38

0000000000000000000000000000000000000000000000000
49

000000000000000000000000000000000000000000
42

00000000000000000000000000000000000000000000000000000000000000000000
68

000000000000
12

00000000000000000000000000000000000000000000000000000000000000000000000000000000000000000000000
95

0000000000000000000000000000000000000000000
43

00000000000000000000000000000000000000000000000000000000000000000000000000000000000000000000000000
98

0000000000000000000000000000
28

00000000000000000000000000000000000000000000000000000000000000000000000000000000
80

000000000000000000000
21

0000000000000000000000000
25

000000000000000000000000000000000000000000000000
48

000000000000000000000000000000000000000000000000000000000000000000000000000000000000
84

000000000000000000000000000000000000
36

00000000000000000000000000000000000000000000000000000000000
59

000000000000000000000000000000000000000000000000000000000000000000000000000000000000
84

00000000000000000000000000000000000000000000000000000000000000000
65

00000000000000000000000000000000000
35

000000000000000000000000000000000000000000000000000000000000000000
66

000000000000
12

00000000000000000000000000000
29

00000000000000000000000000000000000000000000000000000000000000000000000000
74

