pCp
3

ZkZ
3

Palindrome not existed!

8p8
3

LQL
3

Palindrome not existed!

11
2

Palindrome not existed!

kqk
3

Palindrome not existed!

Palindrome not existed!

66
2

Palindrome not existed!

TlT
3

yqy
3

Palindrome not existed!

011010110
9

000101000
9

1001011111101001
16

110001111100011
15

101100001101
12

1110111000001110111
19

11000100100011
14

01000001010101010000010
23

Palindrome not existed!

0001111000
10

1101101011011
13

01110
5

01110
5

0111110000111110
16

Palindrome not existed!

011111000111110
15

0000000000000000000000000000000000000000000000000000000000000000000000000000000000000000000
91

00000000000000000000000000000000000000000000000000000000000000000000000
71

0000
4

000000000000000000000000000000000000000
39

0000000000000000000
19

00000000000000
14

000000000000000000000000000000000000000000000000000000000000000000000000000000000000000000000000000
99

00000000000000000000000000000000000000000000000000
50

0000000000
10

000000000000000000
18

0000000000000000000000000000000000000000000000000000000000000000000000000000000000
82

000
3

0000000000000000000000000000000000000000000000000000000000000000000000000
73

000000000000000000000000000000000000000000000000000000000000000000000000000000000
81

0000000000000000
16

000000000000000000000000000000000000000000
42

