Palindrome not existed!

LL
2

mm
2

giJig
5

EdE
3

Palindrome not existed!

nun
3

UU
2

Palindrome not existed!

lml
3

00000
5

01110111101110
14

0100000010
10

00100100
8

00111111100
11

0100100010010
13

011100001100001110
18

10101100100110101
17

10100101
8

000101000
9

00000000
8

00000000000000000
17

00000000000000000000000000000000000000000000000
47

0000000000000
13

00000000000000000000000000000000000000000000000000000000000000
62

000000000000000000000000000000000000000000000000
48

0000000000000000000000000000000000000000000000000000
52

000000
6

00000000000000000000000000000000000000000000000000000000000000000000000
71

000000000000000000000000000000000000000000000000000000
54

