Palindrome not existed!

2U2
3

H2H
3

bb
2

w5w
3

Palindrome not existed!

IdI
3

MmM
3

WtW
3

XX
2

FtF
3

PP
2

Palindrome not existed!

SvS
3

Palindrome not existed!

kk
2

Palindrome not existed!

Palindrome not existed!

01010001010
11

11100111
8

11
2

1010001001000101
16

011000100001000110
18

011101000101110
15

01011011010
11

1100101001010011
16

01001101100110110010
20

100000001
9

0001000
7

10100011011000101
17

10100101
8

101111010111101
15

000111111000
12

010010
6

10000001110000001
17

10001100110001
14

00000000000
11

000000000000000000000000000000000000000000000000000000000000000000000
69

0000000000000000000000000000000000000000000000000000000000000000
64

00000000000000
14

0000000000000000000000000000000000000000000000000000000000
58

0000000000000000000000000000000000000000000000000000000
55

00000000000000000000000000000000000000000000000000000000000000000000000
71

000000000000000000000000000000000000000000000
45

00000000000000000000
20

0000000000000000000000000000000000000
37

0000000000000000
16

0000000000000000000000
22

000000000000000000000000000000000000000000000000000000000000000000000
69

00000000000000000000000000000000000
35

Palindrome not existed!

0000000000000
13

0000000000000000000000000000000000000000000000000
49

00000000000000000000000000000000000000000000000000000000000000000000000000000000
80

