Palindrome not existed!

pp
2

i0H0i
5

x7x
3

Palindrome not existed!

YY
2

ndn
3

bPb
3

olo
3

Palindrome not existed!

7aya7
5

Palindrome not existed!

5N5
3

gtg
3

Palindrome not existed!

H4H
3

XGX
3

ll
2

2002
4

00000100100000
14

1111111001111111
16

100011110001
12

1001
4

0100111110010
13

01010011001010
14

010110011010
12

11001110011
11

110111111011
12

11010000001011
14

01011111000011111010
20

110101000101011
15

11011111111011
14

11010111101011
14

10101
5

0101110000111010
16

Palindrome not existed!

011000010010000110
18

0101100000011010
16

0000000000000000000000000000000000000000000000000000000000000000000000
70

000000000000000000000000000000000000000000000000000000000000000000000000000000000
81

000000000000000000000000000000000000000000000000000000000000000000000000000000
78

000000000000000000000000000000000000000000000000000000000000000000000000000
75

0000000
7

000000000000
12

00000000000000000000000000000000000000000000000000000000000000000000000000000
77

000000000000000000000000000000000000000000000000000000000000000000000000000000000000000000000
93

00000000000000000000000000000000000000000000000000000000000000000000000000000
77

0000000000000000000000000000000
31

000000000000000000000000000000000000000000000000000
51

0000000000000000000000000000000000
34

0000000000000000000000000000000000000000000000000000000000000000
64

000000000000000000000000000000000000000000000000000000000000000000000000000
75

000000000000000000000000000000
30

0000000000000000000000000000000000000000000000000000000000000
61

0000000000000000000000000000000000000000000000000000000000000000000000
70

000000000000000000000000000000000000000000000000000000000000000000000000000000000000000000
90

00000000000000000000000000000000000000000
41

