aBa
3

Palindrome not existed!

A9A
3

3M3
3

hjh
3

BzB
3

Palindrome not existed!

Palindrome not existed!

uQu
3

rlr
3

III
3

01111110
8

10111011011101
14

00110101100
11

00101100000110100
17

01010001010001010
17

1110111
7

01111011110
11

1101011
7

01100100110
11

1100100011100010011
19

110001000100011
15

000000000000000000000000000000000000000000000000000
51

00000000000000000000000000000000000000000
41

000000000000000000000000000000000
33

00
2

000000000000000000000000000000
30

000000000000000000000000000000000000000000000
45

000000000000000000000000000000000000000000000000
48

0000000000000000000000000000000000000000000000000000000000000000000000000000000000
82

000000000000000000000000000000000000000000000000000000000000000000000000000000000000000
87

000000000000000000000000000000000
33

0000000000
10

