Palindrome not existed!

yy
2

Palindrome not existed!

DD
2

Palindrome not existed!

J3J
3

535
3

Palindrome not existed!

Palindrome not existed!

Palindrome not existed!

11111
5

100101101001
12

00011111000
11

001100000001100
15

11011010101011011
17

1001100000011001
16

011111110
9

0011101011100
13

00100011111000100
17

01000111011011100010
20

0000000000000000000000000000000000000000000000000000000000
58

00000000000000000000000000000000000000000000000000000000000
59

00000000000000000000000000
26

0000000000000000000000000000000000000000000000
46

0000000000000000000000000000000000000000000000000000000000000000000000000000000000000000
88

0000000000000000000000000000000000000
37

00000000000000000
17

00000000000000000000000000000000000000000000000000000000000000000000000
71

000000000000000000000000000000000000000000000000000000000000000000000000000
75

000000000000000000000000000000000000000000000000000000
54

