44
2

6X6
3

t8t
3

Palindrome not existed!

CjC
3

XuX
3

n4n
3

Palindrome not existed!

eTe
3

Palindrome not existed!

Palindrome not existed!

waw
3

fkf
3

MFM
3

011000101000110
15

1011111101
10

0011011111101100
16

100111001
9

011111110
9

1100111110011
13

110010011
9

0010110110100
13

111111101111111
15

1010110101
10

10001
5

0101111010
10

1110011100111
13

000100111001000
15

0000000000000000
16

0000000000000000000000000000000
31

000000000000000000000000000000000000000000000000000000000000000000000000000000000000000000000000000
99

0000000000000000000000000
25

0000000000000000000000000000000000000000000000000000000000000000000000
70

00000000000000000000000000000000000000000000000000000000000
59

000000000000000000000000000000000000000000000000000000
54

000000000
9

0000000000000000000000000000000000000000000000000000000000
58

000000000000000000000000000000000000000
39

000000000000000000000000000000000000000000000000000000000000000000000000000000
78

0000000000000000000000000000000000000000
40

000000000000000000000000000000000000000000000000000000000000000000000000000000000000000000
90

00000000000000000000000000000000000000000000000000000000
56

