Palindrome not existed!

Palindrome not existed!

Palindrome not existed!

Palindrome not existed!

kCk
3

8I8
3

ZZ
2

Palindrome not existed!

OO
2

3o3
3

ww
2

6996
4

NdN
3

Palindrome not existed!

Palindrome not existed!

Palindrome not existed!

Palindrome not existed!

101111111101
12

001100111011010110111001100
27

111101111
9

110011001000100110011
21

00100
5

000100010000000010001000
24

111000010000111
15

0011111100
10

01110001110
11

1110110110110111
16

1010101111010101
16

1011110110111101
16

010101010
9

110111111011
12

111011011100001110110111
24

00000000000000000000000000000000000000000000000000000000000000000000000000000000000000
86

000000000000000000000000
24

0000000000000000000000000000000000000000000000000000000000000000000
67

0000000000000000000000000000000000000000000000000000000000000
61

00000000000
11

00000000000000000000000000000000000000000000000000000000000000000000
68

0000000000000000000000000000000000000000000000000000000000000000000000
70

00000000000000000000000000000000000000000
41

000000000000000000000000000000000000000000000000000000000000000000000000000000000000
84

000000000000000000000000000000000000000000000000000000000000000000000000000000000000000000000000000
99

000000000000000000000000000000000000000000000000000000000000000000000000000000000000000000000000
96

00000000000000000000000000000000000000000000000000000000000000000000
68

0000000000000000000000000000000000000000000000000000000000000000000000000000000000
82

00000000000000000000000000000000000000000000000000000
53

0000000000000000000000
22

0000000
7

