aabaa
5

abababababababa
15

ababababababa
13

cccc
4

zz
2

abcxcba
7

ses
3

Palindrome not existed!

cfc
3

ff
2

4zk5n5kz4
9

himcwwcmih
10

68pelep86
9

2oyo22oyo2
10

x6bb6tfgftrprx55xx55xrprtfgft6bb6x
34

jj6oo6v3k3v2q2b66beseeseb66b2q2v3k3v6oo6jj
42

qq11x9xm3q3m0eiieeeeiie0m3q3mx9x11qq
36

6bb68huh8pddpxkkxyeyfvfs1sw9v9wbbw9v9ws1sfvfyeyxkkxpddp8huh86bb6
64

kffky066q0c2c067v764twt4ulu4twt467v760c2c0q660ykffk
51

3dd3ptvtpsrirssrirsptvtp3dd3
28

o222o6g44glcsclg44g6o222o
25

fwvwfzdzyl0lyzdzfwvwf
21

