B3B
3

YDY
3

Palindrome not existed!

Palindrome not existed!

BoB
3

vv
2

Y5Y
3

88
2

ee
2

ww
2

LNL
3

10100000000000101
17

11110101111
11

1100000000011
13

10110000001101
14

00010001000
11

011000110
9

10110011001101
14

0100010
7

01001000010010
14

01011011010
11

0110110
7

000000000000
12

0000000
7

00000000000000
14

Palindrome not existed!

000000000000000000000000000000000000000000000000000000000000000000000000000000000000000000000000000
99

000000000000000000000000000000000000000000000000000000000000000000000000000000000000000000000000
96

0000000000000000000000000000000000000000000000000
49

0000000000000000000
19

000000000000000000000000000000000000000000000000000000000000000000000000000000000000000000000
93

00000000000000000000000000000000000000000000000
47

000000000000000000000000000000000000000000000000000000000000000000000000000
75

