22
2

ZZ
2

HBH
3

NN
2

vev
3

SS
2

aZa
3

oo
2

Palindrome not existed!

OgO
3

KK
2

0l0
3

Palindrome not existed!

Palindrome not existed!

Palindrome not existed!

rr
2

Palindrome not existed!

znz
3

oeo
3

PP
2

0c0
3

1011001101
10

0110001000110
13

1000001
7

01011010
8

0000001000000
13

001100101101101001100
21

001011110100
12

011000110
9

0111001110
10

0001001001000
13

0000110000
10

0110000110
10

000000
6

001101100
9

00110101100
11

110111011
9

010101010
9

11100000111
11

1100011
7

00001010000
11

000101010101000
15

00000000000000000000000000000000000000000000000000000000000000000000000000000000000000000000000000
98

00000000000000000000000000000000000000000000000000000
53

0000000000000000000000000000000000000000000
43

00000000
8

000000000000000000000000000000000000000000000000000000000000000000000000000000000000000000000000000
99

000000000000000000000000000000000
33

000000000000000000000000000000000000000000000000000000000000000000000000000
75

00000000000000000000000
23

Palindrome not existed!

0000000000000000000000000000
28

000000000000000000000000000000000000
36

00000000000000000000000000000000000000000000000
47

000000000000000000000000000000000
33

000000000000000000000000000000000000000000000000000000000000000000000000000000000000000
87

0000000000000000000000000000000000000000000000000000000000000000
64

00000000000000000000000000000000000000000000000000000000000000000000000000000000000000000
89

000000000000000000000000000000000000000000000000000000000000000000000000000000000000
84

0000000000000000000000000000
28

000000000000000000000000000000000000000000000000000000000000000000000000000000000
81

00
2

0000000000000000000000000000000000000000000000000000000000000000000000000000000000000000
88

