LttL
4

RtR
3

Palindrome not existed!

L7L
3

Palindrome not existed!

Palindrome not existed!

6z6
3

MM
2

pOp
3

Palindrome not existed!

f9f
3

pfp
3

ADA
3

fMf
3

1000110001
10

10001011111010001
17

010111111010
12

01001000010010
14

0001000
7

010000010
9

1110110110111
13

01000010
8

100001100001
12

0011100
7

0001111000
10

001000000000100
15

101011010110101
15

11100000111
11

0000000000000000000
19

0000000000000000000000000000000000000000000000000000000000000000000000000000
76

000000000000000000
18

0000000000000000000000000000000000000000000000000000000000000000000000000000000000000
85

0000000000000000000000000000000000000000000000000000000
55

0000
4

0000000000000000
16

000000
6

000000000000000000000000000000000000000000000000000000000000000000
66

00000000000000000000000000000000000000000000000000000000000000000
65

00000000000000000000000000000000000000000000000000000000000000000000000000000000000000000
89

00000000000000000000000000000000000000
38

0000000
7

000000000000000
15

