gpg
3

Palindrome not existed!

HfFfH
5

33
2

exe
3

Palindrome not existed!

pip
3

tft
3

Palindrome not existed!

W99W
4

Palindrome not existed!

FjF
3

Palindrome not existed!

Palindrome not existed!

o3o
3

5j5
3

3m3
3

KiK
3

Palindrome not existed!

Palindrome not existed!

v0v
3

0j0
3

00100000100
11

0110110
7

110001100011
12

100010101010001
15

10001111110001
14

1100000011
10

100110011001
12

01010010011011001001010
23

0100110110010
13

0111100011110
13

001010010100
12

001001000100100
15

01100001011010000110
20

01000100010
11

111101101111
12

0100010
7

11001011111010011
17

10000100001
11

01001011010010
14

00011011000
11

010001100010
12

0111000001110
13

000000000000000000000000000000000000000000000
45

0000000000000000000000000000000000000000000000000000000000000000000000000000000000000000000000
94

000000000000000000000000000000
30

00000000000000000000000000000000000000000000000000000000000000000000000000000000000
83

0000000000000000000000000000000000000000000000000000000000000000000000000
73

0000000000000000000000000000000000000000000000000000000000000000000000000000000000
82

00000000000000000000000000000000000000000000
44

000000000000000000000000
24

00000000000000000000000000000000000000000000000000000000000000000000
68

0000000000000000000000000000000000000000000000000000
52

00000000000000000000000000000000000000000000000000000000000000000000000000000000000000000
89

00000000000
11

000000000000000000000000000000000000000000000000000000000000000000000000000000000000
84

000000000000000000000000000000000000000000000000000000000000000000000000000000000000000000000000
96

000000000000000000000000
24

0000000000000
13

0000000000000000000000000000000000000000000000000000000000000000000000000000000000000
85

0000000000000000000000000000000000000000000000000000000000000
61

00000000000000000000000000000000000000000000000000000000
56

000000000000
12

0000000000000000000000000000000000000000000000000000000000000000
64

00000000000000000000000000000
29

